<?xml version="1.0" encoding="UTF-8" standalone="no"?>
<!DOCTYPE log SYSTEM "logger.dtd">
<log>
<record>
  <date>2022-02-20T23:17:19.794291400Z</date>
  <millis>1645399039794</millis>
  <nanos>291400</nanos>
  <sequence>0</sequence>
  <logger>com.payments.Main</logger>
  <level>INFO</level>
  <class>com.payments.Main</class>
  <method>main</method>
  <thread>1</thread>
  <message>Read from init file</message>
</record>
<record>
  <date>2022-02-20T23:17:19.834466600Z</date>
  <millis>1645399039834</millis>
  <nanos>466600</nanos>
  <sequence>1</sequence>
  <logger>com.payments.Main</logger>
  <level>INFO</level>
  <class>com.payments.Main</class>
  <method>main</method>
  <thread>1</thread>
  <message>Write to database</message>
</record>
<record>
  <date>2022-02-20T23:17:19.839490700Z</date>
  <millis>1645399039839</millis>
  <nanos>490700</nanos>
  <sequence>2</sequence>
  <logger>com.payments.Main</logger>
  <level>INFO</level>
  <class>com.payments.Main</class>
  <method>main</method>
  <thread>1</thread>
  <message>Write to database</message>
</record>
<record>
  <date>2022-02-20T23:17:19.839490700Z</date>
  <millis>1645399039839</millis>
  <nanos>490700</nanos>
  <sequence>3</sequence>
  <logger>com.payments.Main</logger>
  <level>INFO</level>
  <class>com.payments.Main</class>
  <method>main</method>
  <thread>1</thread>
  <message>Write to database</message>
</record>
<record>
  <date>2022-02-20T23:17:19.839490700Z</date>
  <millis>1645399039839</millis>
  <nanos>490700</nanos>
  <sequence>4</sequence>
  <logger>com.payments.Main</logger>
  <level>INFO</level>
  <class>com.payments.Main</class>
  <method>main</method>
  <thread>1</thread>
  <message>Write to database</message>
</record>
<record>
  <date>2022-02-20T23:17:19.839490700Z</date>
  <millis>1645399039839</millis>
  <nanos>490700</nanos>
  <sequence>5</sequence>
  <logger>com.payments.Main</logger>
  <level>INFO</level>
  <class>com.payments.Main</class>
  <method>main</method>
  <thread>1</thread>
  <message>Write to database</message>
</record>
</log>
